
-----
Test: tests/test_google_maps_api.py::Test_create_place::test_create_new_place (call)
Time: 2023-09-04 18:37:09.050610
Request method: POST
Request URL: https://rahulshettyacademy.com/maps/api/place/add/json?key=qaclick123

Response code: 200
Response text: {"status":"OK","place_id":"2d669ebfac873bfee692932ed5489120","scope":"APP","reference":"8447231e6dc06daa6eaa2267ad5ce33f8447231e6dc06daa6eaa2267ad5ce33f","id":"8447231e6dc06daa6eaa2267ad5ce33f"}
Response headers: {'Date': 'Mon, 04 Sep 2023 22:37:09 GMT', 'Server': 'Apache/2.4.52 (Ubuntu)', 'Access-Control-Allow-Origin': '*', 'Access-Control-Allow-Methods': 'POST', 'Access-Control-Max-Age': '3600', 'Access-Control-Allow-Headers': 'Content-Type, Access-Control-Allow-Headers, Authorization, X-Requested-With', 'Content-Length': '194', 'Keep-Alive': 'timeout=5, max=100', 'Connection': 'Keep-Alive', 'Content-Type': 'application/json;charset=UTF-8'}
Response cookies: {}

-----

-----
Test: tests/test_google_maps_api.py::Test_create_place::test_create_new_place (call)
Time: 2023-09-04 18:37:09.674177
Request method: GET
Request URL: https://rahulshettyacademy.com/maps/api/place/get/json?key=qaclick123&place_id=2d669ebfac873bfee692932ed5489120

Response code: 200
Response text: {"location":{"latitude":"-38.383494","longitude":"33.427362"},"accuracy":"50","name":"Frontline house","phone_number":"(+91) 983 893 3937","address":"29, side layout, cohen 09","types":"shoe park,shop","website":"http:\/\/google.com","language":"French-IN"}
Response headers: {'Date': 'Mon, 04 Sep 2023 22:37:10 GMT', 'Server': 'Apache/2.4.52 (Ubuntu)', 'Access-Control-Allow-Origin': '*', 'Access-Control-Allow-Methods': 'POST', 'Access-Control-Max-Age': '3600', 'Access-Control-Allow-Headers': 'Content-Type, Access-Control-Allow-Headers, Authorization, X-Requested-With', 'Content-Length': '257', 'Keep-Alive': 'timeout=5, max=100', 'Connection': 'Keep-Alive', 'Content-Type': 'application/json;charset=UTF-8'}
Response cookies: {}

-----

-----
Test: tests/test_google_maps_api.py::Test_create_place::test_create_new_place (call)
Time: 2023-09-04 18:37:10.565862
Request method: PUT
Request URL: https://rahulshettyacademy.com/maps/api/place/update/json?key=qaclick123

Response code: 200
Response text: {"msg":"Address successfully updated"}
Response headers: {'Date': 'Mon, 04 Sep 2023 22:37:11 GMT', 'Server': 'Apache/2.4.52 (Ubuntu)', 'Access-Control-Allow-Origin': '*', 'Access-Control-Allow-Methods': 'POST', 'Access-Control-Max-Age': '3600', 'Access-Control-Allow-Headers': 'Content-Type, Access-Control-Allow-Headers, Authorization, X-Requested-With', 'Content-Length': '38', 'Keep-Alive': 'timeout=5, max=100', 'Connection': 'Keep-Alive', 'Content-Type': 'application/json;charset=UTF-8'}
Response cookies: {}

-----

-----
Test: tests/test_google_maps_api.py::Test_create_place::test_create_new_place (call)
Time: 2023-09-04 18:37:11.665470
Request method: GET
Request URL: https://rahulshettyacademy.com/maps/api/place/get/json?key=qaclick123&place_id=2d669ebfac873bfee692932ed5489120

Response code: 200
Response text: {"location":{"latitude":"-38.383494","longitude":"33.427362"},"accuracy":"50","name":"Frontline house","phone_number":"(+91) 983 893 3937","address":"100 Lenina street, RU","types":"shoe park,shop","website":"http:\/\/google.com","language":"French-IN"}
Response headers: {'Date': 'Mon, 04 Sep 2023 22:37:12 GMT', 'Server': 'Apache/2.4.52 (Ubuntu)', 'Access-Control-Allow-Origin': '*', 'Access-Control-Allow-Methods': 'POST', 'Access-Control-Max-Age': '3600', 'Access-Control-Allow-Headers': 'Content-Type, Access-Control-Allow-Headers, Authorization, X-Requested-With', 'Content-Length': '253', 'Keep-Alive': 'timeout=5, max=100', 'Connection': 'Keep-Alive', 'Content-Type': 'application/json;charset=UTF-8'}
Response cookies: {}

-----

-----
Test: tests/test_google_maps_api.py::Test_create_place::test_create_new_place (call)
Time: 2023-09-04 18:37:12.421152
Request method: DELETE
Request URL: https://rahulshettyacademy.com/maps/api/place/delete/json?key=qaclick123

Response code: 200
Response text: {"status":"OK"}
Response headers: {'Date': 'Mon, 04 Sep 2023 22:37:13 GMT', 'Server': 'Apache/2.4.52 (Ubuntu)', 'Access-Control-Allow-Origin': '*', 'Access-Control-Allow-Methods': 'POST', 'Access-Control-Max-Age': '3600', 'Access-Control-Allow-Headers': 'Content-Type, Access-Control-Allow-Headers, Authorization, X-Requested-With', 'Content-Length': '15', 'Keep-Alive': 'timeout=5, max=100', 'Connection': 'Keep-Alive', 'Content-Type': 'application/json;charset=UTF-8'}
Response cookies: {}

-----

-----
Test: tests/test_google_maps_api.py::Test_create_place::test_create_new_place (call)
Time: 2023-09-04 18:37:13.472072
Request method: GET
Request URL: https://rahulshettyacademy.com/maps/api/place/get/json?key=qaclick123&place_id=2d669ebfac873bfee692932ed5489120

Response code: 404
Response text: {"msg":"Get operation failed, looks like place_id  doesn't exists"}
Response headers: {'Date': 'Mon, 04 Sep 2023 22:37:14 GMT', 'Server': 'Apache/2.4.52 (Ubuntu)', 'Access-Control-Allow-Origin': '*', 'Access-Control-Allow-Methods': 'POST', 'Access-Control-Max-Age': '3600', 'Access-Control-Allow-Headers': 'Content-Type, Access-Control-Allow-Headers, Authorization, X-Requested-With', 'Content-Length': '67', 'Keep-Alive': 'timeout=5, max=100', 'Connection': 'Keep-Alive', 'Content-Type': 'application/json;charset=UTF-8'}
Response cookies: {}

-----
